2025-06-04T04:21:34.426Z [ERROR]: SyntaxError: Expected double-quoted property name in JSON at position 74 (line 4 column 1)
    at JSON.parse (<anonymous>)
    at parse (C:\Users\SMRITI PIPLANI\backend\node_modules\body-parser\lib\types\json.js:77:19)
    at C:\Users\SMRITI PIPLANI\backend\node_modules\body-parser\lib\read.js:123:18
    at AsyncResource.runInAsyncScope (node:async_hooks:211:14)
    at invokeCallback (C:\Users\SMRITI PIPLANI\backend\node_modules\raw-body\index.js:238:16)
    at done (C:\Users\SMRITI PIPLANI\backend\node_modules\raw-body\index.js:227:7)
    at IncomingMessage.onEnd (C:\Users\SMRITI PIPLANI\backend\node_modules\raw-body\index.js:287:7)
    at IncomingMessage.emit (node:events:518:28)
    at endReadableNT (node:internal/streams/readable:1698:12)
    at process.processTicksAndRejections (node:internal/process/task_queues:90:21)
2025-06-04T04:22:21.512Z [ERROR]: SyntaxError: Expected double-quoted property name in JSON at position 74 (line 4 column 1)
    at JSON.parse (<anonymous>)
    at parse (C:\Users\SMRITI PIPLANI\backend\node_modules\body-parser\lib\types\json.js:77:19)
    at C:\Users\SMRITI PIPLANI\backend\node_modules\body-parser\lib\read.js:123:18
    at AsyncResource.runInAsyncScope (node:async_hooks:211:14)
    at invokeCallback (C:\Users\SMRITI PIPLANI\backend\node_modules\raw-body\index.js:238:16)
    at done (C:\Users\SMRITI PIPLANI\backend\node_modules\raw-body\index.js:227:7)
    at IncomingMessage.onEnd (C:\Users\SMRITI PIPLANI\backend\node_modules\raw-body\index.js:287:7)
    at IncomingMessage.emit (node:events:518:28)
    at endReadableNT (node:internal/streams/readable:1698:12)
    at process.processTicksAndRejections (node:internal/process/task_queues:90:21)
2025-06-04T04:22:42.937Z [ERROR]: TypeError: Cannot destructure property 'email' of 'req.body' as it is undefined.
    at login (file:///C:/Users/SMRITI%20PIPLANI/backend/controllers/AuthController.js:100:11)
    at Layer.handleRequest (C:\Users\SMRITI PIPLANI\backend\node_modules\router\lib\layer.js:152:17)
    at next (C:\Users\SMRITI PIPLANI\backend\node_modules\router\lib\route.js:157:13)
    at Route.dispatch (C:\Users\SMRITI PIPLANI\backend\node_modules\router\lib\route.js:117:3)
    at handle (C:\Users\SMRITI PIPLANI\backend\node_modules\router\index.js:435:11)
    at Layer.handleRequest (C:\Users\SMRITI PIPLANI\backend\node_modules\router\lib\layer.js:152:17)
    at C:\Users\SMRITI PIPLANI\backend\node_modules\router\index.js:295:15
    at processParams (C:\Users\SMRITI PIPLANI\backend\node_modules\router\index.js:582:12)
    at next (C:\Users\SMRITI PIPLANI\backend\node_modules\router\index.js:291:5)
    at Function.handle (C:\Users\SMRITI PIPLANI\backend\node_modules\router\index.js:186:3)
2025-06-04T05:02:57.979Z [WARN]: Process Warning: Warning - useNewUrlParser is a deprecated option: useNewUrlParser has no effect since Node.js Driver version 4.0.0 and will be removed in the next major version
2025-06-04T05:02:57.979Z [WARN]: Process Warning: Warning - useNewUrlParser is a deprecated option: useNewUrlParser has no effect since Node.js Driver version 4.0.0 and will be removed in the next major version
2025-06-04T05:02:57.983Z [WARN]: Process Warning: Warning - useUnifiedTopology is a deprecated option: useUnifiedTopology has no effect since Node.js Driver version 4.0.0 and will be removed in the next major version
2025-06-04T05:02:57.983Z [WARN]: Process Warning: Warning - useUnifiedTopology is a deprecated option: useUnifiedTopology has no effect since Node.js Driver version 4.0.0 and will be removed in the next major version
2025-06-04T05:04:22.832Z [WARN]: Process Warning: Warning - useNewUrlParser is a deprecated option: useNewUrlParser has no effect since Node.js Driver version 4.0.0 and will be removed in the next major version
2025-06-04T05:04:22.835Z [WARN]: Process Warning: Warning - useUnifiedTopology is a deprecated option: useUnifiedTopology has no effect since Node.js Driver version 4.0.0 and will be removed in the next major version
2025-06-04T05:04:22.834Z [WARN]: Process Warning: Warning - useNewUrlParser is a deprecated option: useNewUrlParser has no effect since Node.js Driver version 4.0.0 and will be removed in the next major version
2025-06-04T05:04:22.838Z [WARN]: Process Warning: Warning - useUnifiedTopology is a deprecated option: useUnifiedTopology has no effect since Node.js Driver version 4.0.0 and will be removed in the next major version
2025-06-04T05:04:22.870Z [INFO]: MongoDB connected
2025-06-04T05:04:22.877Z [INFO]: MongoDB connected
2025-06-04T05:06:50.721Z [INFO]: MongoDB connected
2025-06-04T05:06:50.723Z [INFO]: MongoDB connected
2025-06-11T05:40:00.405Z [INFO]: Server running on port 3000
2025-06-11T05:40:00.461Z [INFO]: MongoDB connected
